<?xml version="1.0" encoding="UTF-8"?>
<!-- Generated by org.testng.reporters.JUnitXMLReporter -->
<testsuite hostname="DESKTOP-3FO53C9" ignored="0" name="Command line test" tests="1" failures="1" timestamp="2022-12-28T12:43:00 IST" time="17.193" errors="0">
  <testcase name="verifyUserlogin" time="0.035" classname="com.CrmPro.Testcases.LoginPageTest">
    <failure type="java.lang.NullPointerException">
      <![CDATA[java.lang.NullPointerException
at org.openqa.selenium.support.pagefactory.DefaultElementLocator.findElement(DefaultElementLocator.java:70)
at org.openqa.selenium.support.pagefactory.internal.LocatingElementHandler.invoke(LocatingElementHandler.java:39)
at com.sun.proxy.$Proxy12.sendKeys(Unknown Source)
at com.CrmPro.Pages.LoginPage.userLoginCredential(LoginPage.java:24)
at com.CrmPro.Testcases.LoginPageTest.verifyUserlogin(LoginPageTest.java:15)
at java.util.ArrayList.forEach(ArrayList.java:1259)
... Removed 36 stack frames]]>
    </failure>
  </testcase> <!-- verifyUserlogin -->
</testsuite> <!-- Command line test -->
