<?xml version="1.0" encoding="UTF-8"?>
<testng-results skipped="0" failed="0" ignored="0" total="1" passed="1">
  <reporter-output>
  </reporter-output>
  <suite name="com.CrmPro.Testcases.LoginPageTest" duration-ms="42669" started-at="2022-12-29T13:48:24 IST" finished-at="2022-12-29T13:49:07 IST">
    <groups>
    </groups>
    <test name="Command line test" duration-ms="42669" started-at="2022-12-29T13:48:24 IST" finished-at="2022-12-29T13:49:07 IST">
      <class name="com.CrmPro.Testcases.LoginPageTest">
        <test-method status="PASS" signature="setUp()[pri:0, instance:com.CrmPro.Testcases.LoginPageTest@335eadca]" name="setUp" is-config="true" duration-ms="24147" started-at="2022-12-29T13:48:24 IST" finished-at="2022-12-29T13:48:48 IST">
          <reporter-output>
          </reporter-output>
        </test-method> <!-- setUp -->
        <test-method status="PASS" signature="verifyUserlogin()[pri:0, instance:com.CrmPro.Testcases.LoginPageTest@335eadca]" name="verifyUserlogin" duration-ms="16807" started-at="2022-12-29T13:48:48 IST" finished-at="2022-12-29T13:49:05 IST">
          <reporter-output>
          </reporter-output>
        </test-method> <!-- verifyUserlogin -->
        <test-method status="PASS" signature="tearDown()[pri:0, instance:com.CrmPro.Testcases.LoginPageTest@335eadca]" name="tearDown" is-config="true" duration-ms="1665" started-at="2022-12-29T13:49:05 IST" finished-at="2022-12-29T13:49:07 IST">
          <reporter-output>
          </reporter-output>
        </test-method> <!-- tearDown -->
      </class> <!-- com.CrmPro.Testcases.LoginPageTest -->
    </test> <!-- Command line test -->
  </suite> <!-- com.CrmPro.Testcases.LoginPageTest -->
</testng-results>
