<?xml version="1.0" encoding="UTF-8"?>
<testng-results skipped="0" failed="0" ignored="0" total="1" passed="1">
  <reporter-output>
  </reporter-output>
  <suite name="Default suite" duration-ms="20412" started-at="2022-12-29T09:06:58 IST" finished-at="2022-12-29T09:07:19 IST">
    <groups>
    </groups>
    <test name="Default test" duration-ms="20412" started-at="2022-12-29T09:06:58 IST" finished-at="2022-12-29T09:07:19 IST">
      <class name="com.CrmPro.Testcases.LoginPageTest">
        <test-method status="PASS" signature="setUp()[pri:0, instance:com.CrmPro.Testcases.LoginPageTest@587d1d39]" name="setUp" is-config="true" duration-ms="13539" started-at="2022-12-29T09:06:58 IST" finished-at="2022-12-29T09:07:12 IST">
          <reporter-output>
          </reporter-output>
        </test-method> <!-- setUp -->
        <test-method status="PASS" signature="verifyUserlogin()[pri:0, instance:com.CrmPro.Testcases.LoginPageTest@587d1d39]" name="verifyUserlogin" duration-ms="5967" started-at="2022-12-29T09:07:12 IST" finished-at="2022-12-29T09:07:18 IST">
          <reporter-output>
          </reporter-output>
        </test-method> <!-- verifyUserlogin -->
        <test-method status="PASS" signature="tearDown()[pri:0, instance:com.CrmPro.Testcases.LoginPageTest@587d1d39]" name="tearDown" is-config="true" duration-ms="848" started-at="2022-12-29T09:07:18 IST" finished-at="2022-12-29T09:07:19 IST">
          <reporter-output>
          </reporter-output>
        </test-method> <!-- tearDown -->
      </class> <!-- com.CrmPro.Testcases.LoginPageTest -->
    </test> <!-- Default test -->
  </suite> <!-- Default suite -->
</testng-results>
